<?xml version="1.0" encoding="UTF-8"?>
<testsuite xmlns:xsi="http://www.w3.org/2001/XMLSchema-instance" xsi:noNamespaceSchemaLocation="https://maven.apache.org/surefire/maven-surefire-plugin/xsd/surefire-test-report-3.0.xsd" version="3.0" name="BankAccountTest" time="0.326" tests="26" errors="0" skipped="0" failures="0">
  <properties>
[...]
</properties>
  <testcase name="InitialBalanceIsTheIndicatedInConstructor_Test" classname="BankAccountTest" time="0.105"/>
  <testcase name="ZeroMonthInPendingGivesOutputEqualsToAmount_Test" classname="BankAccountTest" time="0.011"/>
  <testcase name="NegativeNPaymentsPaymentIsNotPossible_Test" classname="BankAccountTest" time="0.0"/>
  <testcase name="ZeroAmountValueInPendingGivesZero_Test" classname="BankAccountTest" time="0.0"/>
  <testcase name="NormalPendingGivesCorrectOutput_Test" classname="BankAccountTest" time="0.0"/>
  <testcase name="BalanceAfterAZeroAmountDepositIsTheSame_Test" classname="BankAccountTest" time="0.0"/>
  <testcase name="ZeroNPaymentsPaymentIsNotPossible_Test" classname="BankAccountTest" time="0.0"/>
  <testcase name="NegativeMonthValueInPendingIsNotPossible_Test" classname="BankAccountTest" time="0.0"/>
  <testcase name="MoreThanAccountBalanceWithdrawIsNotPossible_Test" classname="BankAccountTest" time="0.0"/>
  <testcase name="NegativeAmountValueInPendingIsNotPossible_Test" classname="BankAccountTest" time="0.0"/>
  <testcase name="ZeroNPaymentValueInPendingIsNotPossible_Test" classname="BankAccountTest" time="0.0"/>
  <testcase name="ZeroInterestValueInPendingIsNotPossible_Test" classname="BankAccountTest" time="0.006"/>
  <testcase name="BalanceAfterAZeroAmountWithdrawIsCorrect_Test" classname="BankAccountTest" time="0.004"/>
  <testcase name="NegativeNPaymentValueInPendingIsNotPossible_Test" classname="BankAccountTest" time="0.0"/>
  <testcase name="NormalPaymentGivesCorrectOutput_Test" classname="BankAccountTest" time="0.0"/>
  <testcase name="NegativeInterestValueInPendingIsNotPossible_Test" classname="BankAccountTest" time="0.002"/>
  <testcase name="DepositNegativeValuesAreNotAccepted_Test" classname="BankAccountTest" time="0.006"/>
  <testcase name="NegativeAmountWithdrawIsNotPossible_Test" classname="BankAccountTest" time="0.0"/>
  <testcase name="MonthEqualsToNPaymentsInPendingGivesZero_Test" classname="BankAccountTest" time="0.002"/>
  <testcase name="MonthGreaterThanNPaymentsInPendingGivesZero_Test" classname="BankAccountTest" time="0.0"/>
  <testcase name="NegativeInterestPaymentIsNotPossible_Test" classname="BankAccountTest" time="0.0"/>
  <testcase name="BalanceAfterAWithdrawIsCorrect_Test" classname="BankAccountTest" time="0.0"/>
  <testcase name="ZeroInterestPaymentIsNotPossible_Test" classname="BankAccountTest" time="0.0"/>
  <testcase name="BalanceAfterACompleteBalanceWithdrawIsZero_Test" classname="BankAccountTest" time="0.0"/>
  <testcase name="NegativeTotalAmountPaymentIsNotPossible_Test" classname="BankAccountTest" time="0.0"/>
  <testcase name="BalanceAfterADepositIsCorrect_Test" classname="BankAccountTest" time="0.016"/>
</testsuite>